/mnt/ceph/users/abeane/oc_disruption_pt1/run_init_Nov8/analysis
worker1051
Thu Nov  8 14:12:28 EST 2018

set option:  output_directory  as:  /mnt/ceph/users/abeane/oc_disruption_pt1/run_init_Nov8
set option:  ncpu  as:  8
set option:  gpu_enabled  as:  true
set option:  ngpu  as:  1
set option:  write_frequency  as:  50
set option:  simulation_directory  as:  /mnt/ceph/users/firesims/fire2/metaldiff/m12i_res7100/
set option:  cache_directory  as:  /mnt/ceph/users/abeane/oceanic_tests/cache/
set option:  startnum  as:  580
set option:  endnum  as:  600
set option:  star_softening_in_pc  as:  11.2
set option:  dark_softening_in_pc  as:  112.0
set option:  num_prior  as:  5
Couldnt find option sim_name , using default:  None
set option:  star_char_mass  as:  0.048
Couldnt find option dark_char_mass , using default:  None
set option:  Rmax  as:  50.0
set option:  theta  as:  0.5
set option:  period  as:  234.5
set option:  nclose  as:  150
set option:  basis  as:  phs3
set option:  order  as:  5
set option:  eps  as:  1.0
Couldnt find option axisymmetric , using default:  false
set option:  N  as:  4096
set option:  W0  as:  3
set option:  Rcluster  as:  0.8
set option:  softening  as:  0.01
set option:  nbodycode  as:  ph4
set option:  use_kroupa  as:  true
set option:  timestep  as:  0.1
set option:  tend  as:  650.0
set option:  eject_cut  as:  300
set option:  Mcluster  as:  1e3
set option:  kroupa_max  as:  5.0
set option:  ss_Rmin  as:  7.0
set option:  ss_Rmax  as:  9.0
set option:  ss_zmin  as:  -0.1
set option:  ss_zmax  as:  0.1
set option:  ss_agemin_in_Gyr  as:  0.25
set option:  ss_agemax_in_Gyr  as:  1
set option:  ss_seed  as:  1776
Couldnt find option ss_id , using default:  None
set option:  ss_action_cuts  as:  true
set option:  Jr_min  as:  0.0
set option:  Jr_max  as:  12.0
set option:  Jz_min  as:  0.0
set option:  Jz_max  as:  12.0
set option:  grid_x_size_in_kpc  as:  0.6
set option:  grid_y_size_in_kpc  as:  0.6
set option:  grid_z_size_in_kpc  as:  0.6
set option:  grid_resolution  as:  0.005
set option:  grid_seed  as:  1776
Couldnt find option grid_fine_x_size_in_kpc , using default:  None
Couldnt find option grid_fine_y_size_in_kpc , using default:  None
Couldnt find option grid_fine_z_size_in_kpc , using default:  None
Couldnt find option grid_fine_resolution , using default:  None
Traceback (most recent call last):
  File "gen_movie_acc_map.py", line 53, in <module>
    interface = load_interface('../interface', skinny=True)
  File "/mnt/ceph/users/abeane/oc_disruption_pt1/oceanic/oceanic_io.py", line 113, in load_interface
    interface = dill.load(open(directory+'/interface', 'rb'))
FileNotFoundError: [Errno 2] No such file or directory: '../interface/interface'
Thu Nov  8 14:12:38 EST 2018
