/mnt/ceph/users/abeane/oc_disruption_pt1/run_init_Nov8/analysis
worker3062
Thu Nov  8 15:25:40 EST 2018

set option:  output_directory  as:  /mnt/ceph/users/abeane/oc_disruption_pt1/run_init_Nov8
set option:  ncpu  as:  8
set option:  gpu_enabled  as:  true
set option:  ngpu  as:  1
set option:  write_frequency  as:  50
set option:  simulation_directory  as:  /mnt/ceph/users/firesims/fire2/metaldiff/m12i_res7100/
set option:  cache_directory  as:  /mnt/ceph/users/abeane/oceanic_tests/cache/
set option:  startnum  as:  580
set option:  endnum  as:  600
set option:  star_softening_in_pc  as:  11.2
set option:  dark_softening_in_pc  as:  112.0
set option:  num_prior  as:  5
Couldnt find option sim_name , using default:  None
set option:  star_char_mass  as:  0.048
Couldnt find option dark_char_mass , using default:  None
set option:  Rmax  as:  50.0
set option:  theta  as:  0.5
set option:  period  as:  234.5
set option:  nclose  as:  150
set option:  basis  as:  phs3
set option:  order  as:  5
set option:  eps  as:  1.0
Couldnt find option axisymmetric , using default:  false
set option:  N  as:  4096
set option:  W0  as:  3
set option:  Rcluster  as:  0.8
set option:  softening  as:  0.01
set option:  nbodycode  as:  ph4
set option:  use_kroupa  as:  true
set option:  timestep  as:  0.1
set option:  tend  as:  650.0
set option:  eject_cut  as:  300
set option:  Mcluster  as:  1e3
set option:  kroupa_max  as:  5.0
set option:  ss_Rmin  as:  7.0
set option:  ss_Rmax  as:  9.0
set option:  ss_zmin  as:  -0.1
set option:  ss_zmax  as:  0.1
set option:  ss_agemin_in_Gyr  as:  0.25
set option:  ss_agemax_in_Gyr  as:  1
set option:  ss_seed  as:  1776
Couldnt find option ss_id , using default:  None
set option:  ss_action_cuts  as:  true
set option:  Jr_min  as:  0.0
set option:  Jr_max  as:  12.0
set option:  Jz_min  as:  0.0
set option:  Jz_max  as:  12.0
set option:  grid_x_size_in_kpc  as:  0.6
set option:  grid_y_size_in_kpc  as:  0.6
set option:  grid_z_size_in_kpc  as:  0.6
set option:  grid_resolution  as:  0.005
set option:  grid_seed  as:  1776
Couldnt find option grid_fine_x_size_in_kpc , using default:  None
Couldnt find option grid_fine_y_size_in_kpc , using default:  None
Couldnt find option grid_fine_z_size_in_kpc , using default:  None
Couldnt find option grid_fine_resolution , using default:  None
/mnt/home/abeane/amuse_env/lib/python3.6/site-packages/matplotlib/font_manager.py:1331: UserWarning: findfont: Font family ['serif'] not found. Falling back to DejaVu Sans
  (prop.get_family(), self.defaultFamily[fontext]))
/mnt/home/abeane/amuse_env/lib/python3.6/site-packages/matplotlib/font_manager.py:1331: UserWarning: findfont: Font family ['serif'] not found. Falling back to DejaVu Sans
  (prop.get_family(), self.defaultFamily[fontext]))
/mnt/home/abeane/amuse_env/lib/python3.6/site-packages/matplotlib/font_manager.py:1331: UserWarning: findfont: Font family ['serif'] not found. Falling back to DejaVu Sans
  (prop.get_family(), self.defaultFamily[fontext]))
/mnt/home/abeane/amuse_env/lib/python3.6/site-packages/matplotlib/font_manager.py:1331: UserWarning: findfont: Font family ['serif'] not found. Falling back to DejaVu Sans
  (prop.get_family(), self.defaultFamily[fontext]))
/mnt/home/abeane/amuse_env/lib/python3.6/site-packages/matplotlib/font_manager.py:1331: UserWarning: findfont: Font family ['serif'] not found. Falling back to DejaVu Sans
  (prop.get_family(), self.defaultFamily[fontext]))
/mnt/home/abeane/amuse_env/lib/python3.6/site-packages/matplotlib/font_manager.py:1331: UserWarning: findfont: Font family ['serif'] not found. Falling back to DejaVu Sans
  (prop.get_family(), self.defaultFamily[fontext]))
/mnt/home/abeane/amuse_env/lib/python3.6/site-packages/matplotlib/font_manager.py:1331: UserWarning: findfont: Font family ['serif'] not found. Falling back to DejaVu Sans
  (prop.get_family(), self.defaultFamily[fontext]))
/mnt/home/abeane/amuse_env/lib/python3.6/site-packages/matplotlib/font_manager.py:1331: UserWarning: findfont: Font family ['serif'] not found. Falling back to DejaVu Sans
  (prop.get_family(), self.defaultFamily[fontext]))
/mnt/home/abeane/amuse_env/lib/python3.6/site-packages/matplotlib/cbook/deprecation.py:107: MatplotlibDeprecationWarning: Adding an axes using the same arguments as a previous axes currently reuses the earlier instance.  In a future version, a new instance will always be created and returned.  Meanwhile, this warning can be suppressed, and the future behavior ensured, by passing a unique label to each axes instance.
  warnings.warn(message, mplDeprecation, stacklevel=1)
/mnt/home/abeane/amuse_env/lib/python3.6/site-packages/matplotlib/tight_layout.py:198: UserWarning: tight_layout cannot make axes width small enough to accommodate all axes decorations
  warnings.warn('tight_layout cannot make axes width small enough '
/mnt/home/abeane/amuse_env/lib/python3.6/site-packages/matplotlib/tight_layout.py:209: UserWarning: tight_layout cannot make axes height small enough to accommodate all axes decorations
  warnings.warn('tight_layout cannot make axes height small enough '
/mnt/home/abeane/amuse_env/lib/python3.6/site-packages/matplotlib/font_manager.py:1331: UserWarning: findfont: Font family ['serif'] not found. Falling back to DejaVu Sans
  (prop.get_family(), self.defaultFamily[fontext]))
/mnt/home/abeane/amuse_env/lib/python3.6/site-packages/matplotlib/font_manager.py:1331: UserWarning: findfont: Font family ['serif'] not found. Falling back to DejaVu Sans
  (prop.get_family(), self.defaultFamily[fontext]))
/mnt/home/abeane/amuse_env/lib/python3.6/site-packages/matplotlib/font_manager.py:1331: UserWarning: findfont: Font family ['serif'] not found. Falling back to DejaVu Sans
  (prop.get_family(), self.defaultFamily[fontext]))
/mnt/home/abeane/amuse_env/lib/python3.6/site-packages/matplotlib/font_manager.py:1331: UserWarning: findfont: Font family ['serif'] not found. Falling back to DejaVu Sans
  (prop.get_family(), self.defaultFamily[fontext]))
Thu Nov  8 15:38:58 EST 2018
